5239 [localhost-startStop-1] INFO  com.netflix.config.sources.URLConfigurationSource - URLs to be used as dynamic configuration source: [file:/Users/rochapaulo/Documents/workspace/crud-microservices/crudmicroservices-edge/target/classes/config.properties]
5247 [localhost-startStop-1] DEBUG com.netflix.config.DynamicPropertyUpdater - adding property key [archaius.deployment.applicationId], value [crudmicroservicesedge]
5289 [localhost-startStop-1] INFO  com.netflix.karyon.server.ArchaiusIntegrationInterceptor - Loading application properties with app id: crudmicroservicesedge and environment: local
5321 [localhost-startStop-1] INFO  com.netflix.config.util.ConfigurationUtils - Loaded properties file file:/Users/rochapaulo/Documents/workspace/crud-microservices/crudmicroservices-edge/target/classes/crudmicroservicesedge.properties
5324 [localhost-startStop-1] INFO  com.netflix.config.util.ConfigurationUtils - Loaded properties file file:/Users/rochapaulo/Documents/workspace/crud-microservices/crudmicroservices-edge/target/classes/crudmicroservicesedge-local.properties
5336 [localhost-startStop-1] INFO  com.netflix.karyon.server.ServerBootstrap - Creating a new governator classpath scanner with base packages: [com.netflix]
5345 [localhost-startStop-1] DEBUG com.netflix.governator.lifecycle.ClasspathScanner - Starting classpath scanning...
5572 [localhost-startStop-1] DEBUG com.netflix.governator.lifecycle.ClasspathScanner - Classpath scanning done
6062 [localhost-startStop-1] INFO  com.netflix.config.DynamicPropertyFactory - DynamicPropertyFactory is initialized with configuration sources: com.netflix.config.ConcurrentCompositeConfiguration@43821e2
6073 [localhost-startStop-1] INFO  org.hibernate.validator.util.Version - Hibernate Validator 4.1.0.Final
6078 [localhost-startStop-1] DEBUG org.hibernate.validator.engine.resolver.DefaultTraversableResolver - Cannot find javax.persistence.PersistenceUtil on classpath. All properties will per default be traversable.
6081 [localhost-startStop-1] DEBUG org.hibernate.validator.xml.ValidationXmlParser - No META-INF/validation.xml found. Using annotation based configuration only
6095 [localhost-startStop-1] INFO  com.netflix.governator.guice.ModuleListBuilder - Adding module 'com.netflix.karyon.server.ServerBootstrap$KaryonGuiceModule
6099 [localhost-startStop-1] INFO  com.netflix.karyon.server.HealthCheckModule - No health check invocation strategy specified, using the default strategy com.netflix.karyon.server.eureka.AsyncHealthCheckInvocationStrategy. In order to override this behavior you provide an implementation of com.netflix.karyon.server.eureka.HealthCheckInvocationStrategy and specify the fully qualified class name of the implementation in the property com.netflix.karyon.health.check.strategy
6100 [localhost-startStop-1] INFO  com.netflix.karyon.server.HealthCheckModule - No health check handler defined. This means your application can not provide meaningful health state to external entities. It is highly recommended that you provide an implementation of com.netflix.karyon.spi.HealthCheckHandler and specify the fully qualified class name of the implementation in the property com.netflix.karyon.health.check.handler.classname
6104 [localhost-startStop-1] INFO  com.netflix.karyon.server.ServerBootstrap$KaryonGuiceModule - Not registering a service registry client. This may be 1) If you return null from getServiceRegistryClient() in your com.netflix.karyon.server.ServerBootstrap implementation. 2) If you have set the property: com.netflix.karyon.eureka.disable to true.
6210 [localhost-startStop-1] INFO  com.netflix.karyon.server.KaryonServer - Shutting down karyon.
6211 [localhost-startStop-1] INFO  com.netflix.karyon.server.KaryonServer - Successfully shut down karyon.
5262 [localhost-startStop-1] INFO  com.netflix.config.sources.URLConfigurationSource - URLs to be used as dynamic configuration source: [file:/Users/rochapaulo/Documents/workspace/crud-microservices/crudmicroservices-edge/target/classes/config.properties]
5270 [localhost-startStop-1] DEBUG com.netflix.config.DynamicPropertyUpdater - adding property key [archaius.deployment.applicationId], value [crudmicroservicesedge]
5300 [localhost-startStop-1] INFO  com.netflix.karyon.server.ArchaiusIntegrationInterceptor - Loading application properties with app id: crudmicroservicesedge and environment: local
5343 [localhost-startStop-1] INFO  com.netflix.config.util.ConfigurationUtils - Loaded properties file file:/Users/rochapaulo/Documents/workspace/crud-microservices/crudmicroservices-edge/target/classes/crudmicroservicesedge.properties
5344 [localhost-startStop-1] INFO  com.netflix.config.util.ConfigurationUtils - Loaded properties file file:/Users/rochapaulo/Documents/workspace/crud-microservices/crudmicroservices-edge/target/classes/crudmicroservicesedge-local.properties
5363 [localhost-startStop-1] INFO  com.netflix.karyon.server.ServerBootstrap - Creating a new governator classpath scanner with base packages: [com.netflix]
5376 [localhost-startStop-1] DEBUG com.netflix.governator.lifecycle.ClasspathScanner - Starting classpath scanning...
5625 [localhost-startStop-1] DEBUG com.netflix.governator.lifecycle.ClasspathScanner - Classpath scanning done
6014 [localhost-startStop-1] INFO  com.netflix.config.DynamicPropertyFactory - DynamicPropertyFactory is initialized with configuration sources: com.netflix.config.ConcurrentCompositeConfiguration@1b7ee561
6025 [localhost-startStop-1] INFO  org.hibernate.validator.util.Version - Hibernate Validator 4.1.0.Final
6030 [localhost-startStop-1] DEBUG org.hibernate.validator.engine.resolver.DefaultTraversableResolver - Cannot find javax.persistence.PersistenceUtil on classpath. All properties will per default be traversable.
6034 [localhost-startStop-1] DEBUG org.hibernate.validator.xml.ValidationXmlParser - No META-INF/validation.xml found. Using annotation based configuration only
6050 [localhost-startStop-1] INFO  com.netflix.governator.guice.ModuleListBuilder - Adding module 'com.netflix.karyon.server.ServerBootstrap$KaryonGuiceModule
6052 [localhost-startStop-1] INFO  com.netflix.karyon.server.HealthCheckModule - No health check invocation strategy specified, using the default strategy com.netflix.karyon.server.eureka.AsyncHealthCheckInvocationStrategy. In order to override this behavior you provide an implementation of com.netflix.karyon.server.eureka.HealthCheckInvocationStrategy and specify the fully qualified class name of the implementation in the property com.netflix.karyon.health.check.strategy
6052 [localhost-startStop-1] INFO  com.netflix.karyon.server.HealthCheckModule - No health check handler defined. This means your application can not provide meaningful health state to external entities. It is highly recommended that you provide an implementation of com.netflix.karyon.spi.HealthCheckHandler and specify the fully qualified class name of the implementation in the property com.netflix.karyon.health.check.handler.classname
6053 [localhost-startStop-1] INFO  com.netflix.karyon.server.ServerBootstrap$KaryonGuiceModule - Not registering a service registry client. This may be 1) If you return null from getServiceRegistryClient() in your com.netflix.karyon.server.ServerBootstrap implementation. 2) If you have set the property: com.netflix.karyon.eureka.disable to true.
6137 [localhost-startStop-1] INFO  com.netflix.karyon.server.KaryonServer - Shutting down karyon.
6138 [localhost-startStop-1] INFO  com.netflix.karyon.server.KaryonServer - Successfully shut down karyon.
5245 [localhost-startStop-1] INFO  com.netflix.config.sources.URLConfigurationSource - URLs to be used as dynamic configuration source: [file:/Users/rochapaulo/Documents/workspace/crud-microservices/crudmicroservices-edge/target/classes/config.properties]
5256 [localhost-startStop-1] DEBUG com.netflix.config.DynamicPropertyUpdater - adding property key [archaius.deployment.applicationId], value [crudmicroservicesedge]
5290 [localhost-startStop-1] INFO  com.netflix.karyon.server.ArchaiusIntegrationInterceptor - Loading application properties with app id: crudmicroservicesedge and environment: local
5334 [localhost-startStop-1] INFO  com.netflix.config.util.ConfigurationUtils - Loaded properties file file:/Users/rochapaulo/Documents/workspace/crud-microservices/crudmicroservices-edge/target/classes/crudmicroservicesedge.properties
5335 [localhost-startStop-1] INFO  com.netflix.config.util.ConfigurationUtils - Loaded properties file file:/Users/rochapaulo/Documents/workspace/crud-microservices/crudmicroservices-edge/target/classes/crudmicroservicesedge-local.properties
5362 [localhost-startStop-1] INFO  com.netflix.karyon.server.ServerBootstrap - Creating a new governator classpath scanner with base packages: [com.netflix]
5377 [localhost-startStop-1] DEBUG com.netflix.governator.lifecycle.ClasspathScanner - Starting classpath scanning...
5628 [localhost-startStop-1] DEBUG com.netflix.governator.lifecycle.ClasspathScanner - Classpath scanning done
6255 [localhost-startStop-1] INFO  com.netflix.config.DynamicPropertyFactory - DynamicPropertyFactory is initialized with configuration sources: com.netflix.config.ConcurrentCompositeConfiguration@668a26b1
6272 [localhost-startStop-1] INFO  org.hibernate.validator.util.Version - Hibernate Validator 4.1.0.Final
6278 [localhost-startStop-1] DEBUG org.hibernate.validator.engine.resolver.DefaultTraversableResolver - Cannot find javax.persistence.PersistenceUtil on classpath. All properties will per default be traversable.
6281 [localhost-startStop-1] DEBUG org.hibernate.validator.xml.ValidationXmlParser - No META-INF/validation.xml found. Using annotation based configuration only
6297 [localhost-startStop-1] INFO  com.netflix.governator.guice.ModuleListBuilder - Adding module 'com.netflix.karyon.server.ServerBootstrap$KaryonGuiceModule
6300 [localhost-startStop-1] INFO  com.netflix.karyon.server.HealthCheckModule - No health check invocation strategy specified, using the default strategy com.netflix.karyon.server.eureka.AsyncHealthCheckInvocationStrategy. In order to override this behavior you provide an implementation of com.netflix.karyon.server.eureka.HealthCheckInvocationStrategy and specify the fully qualified class name of the implementation in the property com.netflix.karyon.health.check.strategy
6300 [localhost-startStop-1] INFO  com.netflix.karyon.server.HealthCheckModule - No health check handler defined. This means your application can not provide meaningful health state to external entities. It is highly recommended that you provide an implementation of com.netflix.karyon.spi.HealthCheckHandler and specify the fully qualified class name of the implementation in the property com.netflix.karyon.health.check.handler.classname
6302 [localhost-startStop-1] INFO  com.netflix.karyon.server.ServerBootstrap$KaryonGuiceModule - Not registering a service registry client. This may be 1) If you return null from getServiceRegistryClient() in your com.netflix.karyon.server.ServerBootstrap implementation. 2) If you have set the property: com.netflix.karyon.eureka.disable to true.
6406 [localhost-startStop-1] INFO  com.netflix.karyon.server.KaryonServer - Shutting down karyon.
6408 [localhost-startStop-1] INFO  com.netflix.karyon.server.KaryonServer - Successfully shut down karyon.
5236 [localhost-startStop-1] INFO  com.netflix.config.sources.URLConfigurationSource - URLs to be used as dynamic configuration source: [file:/Users/rochapaulo/Documents/workspace/crud-microservices/crudmicroservices-edge/target/classes/config.properties]
5242 [localhost-startStop-1] DEBUG com.netflix.config.DynamicPropertyUpdater - adding property key [archaius.deployment.applicationId], value [crudmicroservicesedge]
5266 [localhost-startStop-1] INFO  com.netflix.karyon.server.ArchaiusIntegrationInterceptor - Loading application properties with app id: crudmicroservicesedge and environment: local
5298 [localhost-startStop-1] INFO  com.netflix.config.util.ConfigurationUtils - Loaded properties file file:/Users/rochapaulo/Documents/workspace/crud-microservices/crudmicroservices-edge/target/classes/crudmicroservicesedge.properties
5299 [localhost-startStop-1] INFO  com.netflix.config.util.ConfigurationUtils - Loaded properties file file:/Users/rochapaulo/Documents/workspace/crud-microservices/crudmicroservices-edge/target/classes/crudmicroservicesedge-local.properties
5314 [localhost-startStop-1] INFO  com.netflix.karyon.server.ServerBootstrap - Creating a new governator classpath scanner with base packages: [com.netflix]
5317 [localhost-startStop-1] DEBUG com.netflix.governator.lifecycle.ClasspathScanner - Starting classpath scanning...
5552 [localhost-startStop-1] DEBUG com.netflix.governator.lifecycle.ClasspathScanner - Classpath scanning done
6261 [localhost-startStop-1] INFO  com.netflix.config.DynamicPropertyFactory - DynamicPropertyFactory is initialized with configuration sources: com.netflix.config.ConcurrentCompositeConfiguration@585f6a15
6271 [localhost-startStop-1] INFO  org.hibernate.validator.util.Version - Hibernate Validator 4.1.0.Final
6276 [localhost-startStop-1] DEBUG org.hibernate.validator.engine.resolver.DefaultTraversableResolver - Cannot find javax.persistence.PersistenceUtil on classpath. All properties will per default be traversable.
6279 [localhost-startStop-1] DEBUG org.hibernate.validator.xml.ValidationXmlParser - No META-INF/validation.xml found. Using annotation based configuration only
6291 [localhost-startStop-1] INFO  com.netflix.governator.guice.ModuleListBuilder - Adding module 'com.netflix.karyon.server.ServerBootstrap$KaryonGuiceModule
6293 [localhost-startStop-1] INFO  com.netflix.karyon.server.HealthCheckModule - No health check invocation strategy specified, using the default strategy com.netflix.karyon.server.eureka.AsyncHealthCheckInvocationStrategy. In order to override this behavior you provide an implementation of com.netflix.karyon.server.eureka.HealthCheckInvocationStrategy and specify the fully qualified class name of the implementation in the property com.netflix.karyon.health.check.strategy
6295 [localhost-startStop-1] INFO  com.netflix.karyon.server.HealthCheckModule - No health check handler defined. This means your application can not provide meaningful health state to external entities. It is highly recommended that you provide an implementation of com.netflix.karyon.spi.HealthCheckHandler and specify the fully qualified class name of the implementation in the property com.netflix.karyon.health.check.handler.classname
6298 [localhost-startStop-1] INFO  com.netflix.karyon.server.ServerBootstrap$KaryonGuiceModule - Not registering a service registry client. This may be 1) If you return null from getServiceRegistryClient() in your com.netflix.karyon.server.ServerBootstrap implementation. 2) If you have set the property: com.netflix.karyon.eureka.disable to true.
6399 [localhost-startStop-1] INFO  com.netflix.karyon.server.KaryonServer - Shutting down karyon.
6401 [localhost-startStop-1] INFO  com.netflix.karyon.server.KaryonServer - Successfully shut down karyon.
5222 [localhost-startStop-1] INFO  com.netflix.config.sources.URLConfigurationSource - URLs to be used as dynamic configuration source: [file:/Users/rochapaulo/Documents/workspace/crud-microservices/crudmicroservices-edge/target/classes/config.properties]
5233 [localhost-startStop-1] DEBUG com.netflix.config.DynamicPropertyUpdater - adding property key [archaius.deployment.applicationId], value [crudmicroservicesedge]
5266 [localhost-startStop-1] INFO  com.netflix.karyon.server.ArchaiusIntegrationInterceptor - Loading application properties with app id: crudmicroservicesedge and environment: local
5307 [localhost-startStop-1] INFO  com.netflix.config.util.ConfigurationUtils - Loaded properties file file:/Users/rochapaulo/Documents/workspace/crud-microservices/crudmicroservices-edge/target/classes/crudmicroservicesedge.properties
5309 [localhost-startStop-1] INFO  com.netflix.config.util.ConfigurationUtils - Loaded properties file file:/Users/rochapaulo/Documents/workspace/crud-microservices/crudmicroservices-edge/target/classes/crudmicroservicesedge-local.properties
5326 [localhost-startStop-1] INFO  com.netflix.karyon.server.ServerBootstrap - Creating a new governator classpath scanner with base packages: [com.netflix]
5336 [localhost-startStop-1] DEBUG com.netflix.governator.lifecycle.ClasspathScanner - Starting classpath scanning...
5593 [localhost-startStop-1] DEBUG com.netflix.governator.lifecycle.ClasspathScanner - Classpath scanning done
6137 [localhost-startStop-1] INFO  com.netflix.config.DynamicPropertyFactory - DynamicPropertyFactory is initialized with configuration sources: com.netflix.config.ConcurrentCompositeConfiguration@2b3884fb
6151 [localhost-startStop-1] INFO  org.hibernate.validator.util.Version - Hibernate Validator 4.1.0.Final
6158 [localhost-startStop-1] DEBUG org.hibernate.validator.engine.resolver.DefaultTraversableResolver - Cannot find javax.persistence.PersistenceUtil on classpath. All properties will per default be traversable.
6161 [localhost-startStop-1] DEBUG org.hibernate.validator.xml.ValidationXmlParser - No META-INF/validation.xml found. Using annotation based configuration only
6187 [localhost-startStop-1] INFO  com.netflix.governator.guice.ModuleListBuilder - Adding module 'com.netflix.karyon.server.ServerBootstrap$KaryonGuiceModule
6191 [localhost-startStop-1] INFO  com.netflix.karyon.server.HealthCheckModule - No health check invocation strategy specified, using the default strategy com.netflix.karyon.server.eureka.AsyncHealthCheckInvocationStrategy. In order to override this behavior you provide an implementation of com.netflix.karyon.server.eureka.HealthCheckInvocationStrategy and specify the fully qualified class name of the implementation in the property com.netflix.karyon.health.check.strategy
6191 [localhost-startStop-1] INFO  com.netflix.karyon.server.HealthCheckModule - No health check handler defined. This means your application can not provide meaningful health state to external entities. It is highly recommended that you provide an implementation of com.netflix.karyon.spi.HealthCheckHandler and specify the fully qualified class name of the implementation in the property com.netflix.karyon.health.check.handler.classname
6194 [localhost-startStop-1] INFO  com.netflix.karyon.server.ServerBootstrap$KaryonGuiceModule - Not registering a service registry client. This may be 1) If you return null from getServiceRegistryClient() in your com.netflix.karyon.server.ServerBootstrap implementation. 2) If you have set the property: com.netflix.karyon.eureka.disable to true.
6289 [localhost-startStop-1] INFO  com.netflix.karyon.server.KaryonServer - Shutting down karyon.
6291 [localhost-startStop-1] INFO  com.netflix.karyon.server.KaryonServer - Successfully shut down karyon.
5326 [localhost-startStop-1] INFO  com.netflix.config.sources.URLConfigurationSource - URLs to be used as dynamic configuration source: [file:/Users/rochapaulo/Documents/workspace/crud-microservices/crudmicroservices-edge/target/classes/config.properties]
5335 [localhost-startStop-1] DEBUG com.netflix.config.DynamicPropertyUpdater - adding property key [archaius.deployment.applicationId], value [crudmicroservicesedge]
5374 [localhost-startStop-1] INFO  com.netflix.karyon.server.ArchaiusIntegrationInterceptor - Loading application properties with app id: crudmicroservicesedge and environment: local
5401 [localhost-startStop-1] INFO  com.netflix.config.util.ConfigurationUtils - Loaded properties file file:/Users/rochapaulo/Documents/workspace/crud-microservices/crudmicroservices-edge/target/classes/crudmicroservicesedge.properties
5403 [localhost-startStop-1] INFO  com.netflix.config.util.ConfigurationUtils - Loaded properties file file:/Users/rochapaulo/Documents/workspace/crud-microservices/crudmicroservices-edge/target/classes/crudmicroservicesedge-local.properties
5415 [localhost-startStop-1] INFO  com.netflix.karyon.server.ServerBootstrap - Creating a new governator classpath scanner with base packages: [com.netflix]
5419 [localhost-startStop-1] DEBUG com.netflix.governator.lifecycle.ClasspathScanner - Starting classpath scanning...
5692 [localhost-startStop-1] DEBUG com.netflix.governator.lifecycle.ClasspathScanner - Classpath scanning done
6366 [localhost-startStop-1] INFO  com.netflix.config.DynamicPropertyFactory - DynamicPropertyFactory is initialized with configuration sources: com.netflix.config.ConcurrentCompositeConfiguration@133ca0df
6379 [localhost-startStop-1] INFO  org.hibernate.validator.util.Version - Hibernate Validator 4.1.0.Final
6385 [localhost-startStop-1] DEBUG org.hibernate.validator.engine.resolver.DefaultTraversableResolver - Cannot find javax.persistence.PersistenceUtil on classpath. All properties will per default be traversable.
6388 [localhost-startStop-1] DEBUG org.hibernate.validator.xml.ValidationXmlParser - No META-INF/validation.xml found. Using annotation based configuration only
6407 [localhost-startStop-1] INFO  com.netflix.governator.guice.ModuleListBuilder - Adding module 'com.netflix.karyon.server.ServerBootstrap$KaryonGuiceModule
6410 [localhost-startStop-1] INFO  com.netflix.karyon.server.HealthCheckModule - No health check invocation strategy specified, using the default strategy com.netflix.karyon.server.eureka.AsyncHealthCheckInvocationStrategy. In order to override this behavior you provide an implementation of com.netflix.karyon.server.eureka.HealthCheckInvocationStrategy and specify the fully qualified class name of the implementation in the property com.netflix.karyon.health.check.strategy
6410 [localhost-startStop-1] INFO  com.netflix.karyon.server.HealthCheckModule - No health check handler defined. This means your application can not provide meaningful health state to external entities. It is highly recommended that you provide an implementation of com.netflix.karyon.spi.HealthCheckHandler and specify the fully qualified class name of the implementation in the property com.netflix.karyon.health.check.handler.classname
6413 [localhost-startStop-1] INFO  com.netflix.karyon.server.ServerBootstrap$KaryonGuiceModule - Not registering a service registry client. This may be 1) If you return null from getServiceRegistryClient() in your com.netflix.karyon.server.ServerBootstrap implementation. 2) If you have set the property: com.netflix.karyon.eureka.disable to true.
6494 [localhost-startStop-1] INFO  com.netflix.karyon.server.KaryonServer - Shutting down karyon.
6497 [localhost-startStop-1] INFO  com.netflix.karyon.server.KaryonServer - Successfully shut down karyon.
